<?xml version="1.0" encoding="UTF-8"?>
<!-- Generated by org.testng.reporters.JUnitReportReporter -->
<testsuite hostname="DESKTOP-7HJ645U" failures="0" tests="3" name="runner.Runner" time="41.885" errors="0" timestamp="2025-11-05T13:46:14 IST" skipped="0">
  <testcase classname="runner.Runner" name="runScenario" time="12.526">
    <system-out>
      <![CDATA[openBrowser
25 min
7.9 km
closeBrowser]]>
    </system-out>
  </testcase> <!-- runScenario -->
  <testcase classname="runner.Runner" name="runScenario" time="14.478">
    <system-out>
      <![CDATA[openBrowser
27 min
8.4 km
closeBrowser]]>
    </system-out>
  </testcase> <!-- runScenario -->
  <testcase classname="runner.Runner" name="runScenario" time="14.881">
    <system-out>
      <![CDATA[openBrowser
28 min
9.2 km
closeBrowser]]>
    </system-out>
  </testcase> <!-- runScenario -->
  <system-out>
    <![CDATA[openBrowser
28 min
9.2 km
closeBrowser
openBrowser
27 min
8.4 km
closeBrowser
openBrowser
25 min
7.9 km
closeBrowser]]>
  </system-out>
</testsuite> <!-- runner.Runner -->
