<?xml version="1.0" encoding="UTF-8"?>
<testng-results ignored="0" total="3" passed="3" failed="0" skipped="0">
  <reporter-output>
    <line>
      <![CDATA[openBrowser]]>
    </line>
    <line>
      <![CDATA[28 min]]>
    </line>
    <line>
      <![CDATA[9.2 km]]>
    </line>
    <line>
      <![CDATA[closeBrowser]]>
    </line>
    <line>
      <![CDATA[openBrowser]]>
    </line>
    <line>
      <![CDATA[27 min]]>
    </line>
    <line>
      <![CDATA[8.4 km]]>
    </line>
    <line>
      <![CDATA[closeBrowser]]>
    </line>
    <line>
      <![CDATA[openBrowser]]>
    </line>
    <line>
      <![CDATA[25 min]]>
    </line>
    <line>
      <![CDATA[7.9 km]]>
    </line>
    <line>
      <![CDATA[closeBrowser]]>
    </line>
  </reporter-output>
  <suite started-at="2025-11-05T13:45:31 IST" name="Default suite" finished-at="2025-11-05T13:46:14 IST" duration-ms="42639">
    <groups>
      <group name="cucumber">
        <method signature="AbstractTestNGCucumberTests.runScenario(io.cucumber.testng.PickleWrapper,io.cucumber.testng.FeatureWrapper)[pri:0, instance:runner.Runner@ba2f4ec]" name="runScenario" class="io.cucumber.testng.AbstractTestNGCucumberTests"/>
      </group> <!-- cucumber -->
    </groups>
    <test started-at="2025-11-05T13:45:31 IST" name="Default test" finished-at="2025-11-05T13:46:14 IST" duration-ms="42639">
      <class name="runner.Runner">
        <test-method is-config="true" signature="setUpClass(org.testng.ITestContext)[pri:0, instance:runner.Runner@ba2f4ec]" started-at="2025-11-05T13:45:31 IST" name="setUpClass" finished-at="2025-11-05T13:45:32 IST" duration-ms="644" status="PASS">
          <params>
            <param index="0">
              <value>
                <![CDATA[org.testng.TestRunner@58fef7f7]]>
              </value>
            </param>
          </params>
          <reporter-output>
          </reporter-output>
        </test-method> <!-- setUpClass -->
        <test-method signature="runScenario(io.cucumber.testng.PickleWrapper,io.cucumber.testng.FeatureWrapper)[pri:0, instance:runner.Runner@ba2f4ec]" started-at="2025-11-05T13:45:32 IST" name="runScenario" description="Runs Cucumber Scenarios" data-provider="scenarios" finished-at="2025-11-05T13:45:47 IST" duration-ms="14881" status="PASS">
          <params>
            <param index="0">
              <value>
                <![CDATA["Search for restaurant and fetch the distance and duration"]]>
              </value>
            </param>
            <param index="1">
              <value>
                <![CDATA["Search restaurants"]]>
              </value>
            </param>
          </params>
          <reporter-output>
            <line>
              <![CDATA[openBrowser]]>
            </line>
            <line>
              <![CDATA[28 min]]>
            </line>
            <line>
              <![CDATA[9.2 km]]>
            </line>
            <line>
              <![CDATA[closeBrowser]]>
            </line>
          </reporter-output>
        </test-method> <!-- runScenario -->
        <test-method signature="runScenario(io.cucumber.testng.PickleWrapper,io.cucumber.testng.FeatureWrapper)[pri:0, instance:runner.Runner@ba2f4ec]" started-at="2025-11-05T13:45:47 IST" name="runScenario" description="Runs Cucumber Scenarios" data-provider="scenarios" finished-at="2025-11-05T13:46:01 IST" duration-ms="14478" status="PASS">
          <params>
            <param index="0">
              <value>
                <![CDATA["Search for restaurant and fetch the distance and duration"]]>
              </value>
            </param>
            <param index="1">
              <value>
                <![CDATA["Search restaurants"]]>
              </value>
            </param>
          </params>
          <reporter-output>
            <line>
              <![CDATA[openBrowser]]>
            </line>
            <line>
              <![CDATA[27 min]]>
            </line>
            <line>
              <![CDATA[8.4 km]]>
            </line>
            <line>
              <![CDATA[closeBrowser]]>
            </line>
          </reporter-output>
        </test-method> <!-- runScenario -->
        <test-method signature="runScenario(io.cucumber.testng.PickleWrapper,io.cucumber.testng.FeatureWrapper)[pri:0, instance:runner.Runner@ba2f4ec]" started-at="2025-11-05T13:46:01 IST" name="runScenario" description="Runs Cucumber Scenarios" data-provider="scenarios" finished-at="2025-11-05T13:46:14 IST" duration-ms="12526" status="PASS">
          <params>
            <param index="0">
              <value>
                <![CDATA["Search for restaurant and fetch the distance and duration"]]>
              </value>
            </param>
            <param index="1">
              <value>
                <![CDATA["Search restaurants"]]>
              </value>
            </param>
          </params>
          <reporter-output>
            <line>
              <![CDATA[openBrowser]]>
            </line>
            <line>
              <![CDATA[25 min]]>
            </line>
            <line>
              <![CDATA[7.9 km]]>
            </line>
            <line>
              <![CDATA[closeBrowser]]>
            </line>
          </reporter-output>
        </test-method> <!-- runScenario -->
        <test-method is-config="true" signature="tearDownClass()[pri:0, instance:runner.Runner@ba2f4ec]" started-at="2025-11-05T13:46:14 IST" name="tearDownClass" finished-at="2025-11-05T13:46:14 IST" duration-ms="62" status="PASS">
          <reporter-output>
          </reporter-output>
        </test-method> <!-- tearDownClass -->
      </class> <!-- runner.Runner -->
    </test> <!-- Default test -->
  </suite> <!-- Default suite -->
</testng-results>
